<?xml version="1.0" encoding="UTF-8"?>
<testng-results skipped="0" failed="0" ignored="0" total="1" passed="1">
  <reporter-output>
  </reporter-output>
  <suite name="Suite" duration-ms="15490" started-at="2021-07-18T11:27:47Z" finished-at="2021-07-18T11:28:02Z">
    <groups>
    </groups>
    <test name="Test" duration-ms="15490" started-at="2021-07-18T11:27:47Z" finished-at="2021-07-18T11:28:02Z">
      <class name="com.swap.TestCases.TC_LoginTest_001">
        <test-method status="PASS" signature="setUp(java.lang.String)[pri:0, instance:com.swap.TestCases.TC_LoginTest_001@5be6e01c]" name="setUp" is-config="true" duration-ms="11048" started-at="2021-07-18T11:27:47Z" finished-at="2021-07-18T11:27:58Z">
          <params>
            <param index="0">
              <value>
                <![CDATA[chrome]]>
              </value>
            </param>
          </params>
          <reporter-output>
          </reporter-output>
        </test-method> <!-- setUp -->
        <test-method status="PASS" signature="loginTest()[pri:0, instance:com.swap.TestCases.TC_LoginTest_001@5be6e01c]" name="loginTest" duration-ms="2724" started-at="2021-07-18T11:27:58Z" finished-at="2021-07-18T11:28:01Z">
          <reporter-output>
          </reporter-output>
        </test-method> <!-- loginTest -->
        <test-method status="PASS" signature="tearDown()[pri:0, instance:com.swap.TestCases.TC_LoginTest_001@5be6e01c]" name="tearDown" is-config="true" duration-ms="1375" started-at="2021-07-18T11:28:01Z" finished-at="2021-07-18T11:28:02Z">
          <reporter-output>
          </reporter-output>
        </test-method> <!-- tearDown -->
      </class> <!-- com.swap.TestCases.TC_LoginTest_001 -->
    </test> <!-- Test -->
  </suite> <!-- Suite -->
</testng-results>
